[ 2023-04-07 14:56:26,717 AOL Thread-2 (AOL) ] __init__  AOL Clean up temporary files : True
[ 2023-04-07 14:56:26,737 AOL Thread-2 (AOL) ] __init__  AOL Deployment Mode : remote
[ 2023-04-07 14:56:26,750 SQL Thread-1 (SQL) ] __init__  DDL File : D:\_fuma\_others\..\_builds\db_objects\2023\Apr\07_Fri\sql\01.ddl.xxsfc.hr_report.sql
[ 2023-04-07 14:56:26,751 SQL Thread-1 (SQL) ] __init__  DML File : D:\_fuma\_others\..\_builds\db_objects\2023\Apr\07_Fri\sql\02.dml.xxsfc.hr_report.sql
[ 2023-04-07 14:56:26,751 SQL Thread-1 (SQL) ] ddl  Loading Configuration : oracle
[ 2023-04-07 14:56:26,774 SQL Thread-1 (SQL) ] ddl  Applying validations on Table 'hr_report_payroll_run': REGEXP '^[a-z][a-z_0-9]{1,29}$'
[ 2023-04-07 14:56:26,775 SQL Thread-1 (SQL) ] ddl  Validating 'primary key' constraint 'hr_report_payroll_run_pk'
[ 2023-04-07 14:56:26,776 SQL Thread-1 (SQL) ] ddl  Validating column VIEW_TYPE (VARCHAR2)
[ 2023-04-07 14:56:26,778 SQL Thread-1 (SQL) ] ddl  Validating column REQUEST_ID (NUMBER)
[ 2023-04-07 14:56:26,779 SQL Thread-1 (SQL) ] ddl  Validating column CLASSIFICATION_NAME (VARCHAR2)
[ 2023-04-07 14:56:26,779 SQL Thread-1 (SQL) ] ddl  Validating column ELEMENT_NAME (VARCHAR2)
[ 2023-04-07 14:56:26,780 SQL Thread-1 (SQL) ] ddl  Validating column REPORTING_NAME (VARCHAR2)
[ 2023-04-07 14:56:26,781 SQL Thread-1 (SQL) ] ddl  Validating column ELEMENT_TYPE_ID (NUMBER)
[ 2023-04-07 14:56:26,781 SQL Thread-1 (SQL) ] ddl  Validating column INPUT_VALUE_ID (NUMBER)
[ 2023-04-07 14:56:26,781 SQL Thread-1 (SQL) ] ddl  Validating column RUN_RESULT_ID (NUMBER)
[ 2023-04-07 14:56:26,782 SQL Thread-1 (SQL) ] ddl  Validating column RESULT_VALUE (VARCHAR2)
[ 2023-04-07 14:56:26,782 SQL Thread-1 (SQL) ] ddl  Validating column NAME (VARCHAR2)
[ 2023-04-07 14:56:26,783 SQL Thread-1 (SQL) ] ddl  Validating column DISPLAY_SEQUENCE (NUMBER)
[ 2023-04-07 14:56:26,783 SQL Thread-1 (SQL) ] ddl  Validating column ASSIGNMENT_ACTION_ID (NUMBER)
[ 2023-04-07 14:56:26,784 SQL Thread-1 (SQL) ] ddl  Validating column ASSIGNMENT_ID (NUMBER)
[ 2023-04-07 14:56:26,784 SQL Thread-1 (SQL) ] ddl  Validating column ELEMENT_ENTRY_ID (NUMBER)
[ 2023-04-07 14:56:26,784 SQL Thread-1 (SQL) ] ddl  Validating column ASSIGNMENT_NUMBER (VARCHAR2)
[ 2023-04-07 14:56:26,785 SQL Thread-1 (SQL) ] ddl  Validating column PERSON_ID (NUMBER)
[ 2023-04-07 14:56:26,785 SQL Thread-1 (SQL) ] ddl  Validating column ORGANIZATION_ID (NUMBER)
[ 2023-04-07 14:56:26,786 SQL Thread-1 (SQL) ] ddl  Validating column PERIOD_OF_SERVICE_ID (NUMBER)
[ 2023-04-07 14:56:26,786 SQL Thread-1 (SQL) ] ddl  Validating column OBJECT_VERSION_NUMBER (NUMBER)
[ 2023-04-07 14:56:26,787 SQL Thread-1 (SQL) ] ddl  Validating column POSITION_ID (NUMBER)
[ 2023-04-07 14:56:26,787 SQL Thread-1 (SQL) ] ddl  Validating column PAYROLL_ACTION_ID (NUMBER)
[ 2023-04-07 14:56:26,788 SQL Thread-1 (SQL) ] ddl  Validating column ACTION_TYPE (VARCHAR2)
[ 2023-04-07 14:56:26,788 SQL Thread-1 (SQL) ] ddl  Validating column PAYROLL_ID (NUMBER)
[ 2023-04-07 14:56:26,788 SQL Thread-1 (SQL) ] ddl  Validating column PAYROLL_NAME (VARCHAR2)
[ 2023-04-07 14:56:26,789 SQL Thread-1 (SQL) ] ddl  Validating column PAYROLL_PERIOD_TYPE (VARCHAR2)
[ 2023-04-07 14:56:26,789 SQL Thread-1 (SQL) ] ddl  Validating column BUSINESS_GROUP_ID (NUMBER)
[ 2023-04-07 14:56:26,790 SQL Thread-1 (SQL) ] ddl  Validating column ASSIGNMENT_SET_ID (NUMBER)
[ 2023-04-07 14:56:26,790 SQL Thread-1 (SQL) ] ddl  Validating column ASSIGNMENT_SET_NAME (VARCHAR2)
[ 2023-04-07 14:56:26,791 SQL Thread-1 (SQL) ] ddl  Validating column DATE_EARNED (DATE)
[ 2023-04-07 14:56:26,791 SQL Thread-1 (SQL) ] ddl  Validating column DISPLAY_RUN_NUMBER (NUMBER)
[ 2023-04-07 14:56:26,791 SQL Thread-1 (SQL) ] ddl  Validating column TIME_PERIOD_ID (NUMBER)
[ 2023-04-07 14:56:26,792 SQL Thread-1 (SQL) ] ddl  Validating column PREVIOUS_TIME_PERIOD_ID (NUMBER)
[ 2023-04-07 14:56:26,792 SQL Thread-1 (SQL) ] ddl  Validating column PAYROLL_MONTH (VARCHAR2)
[ 2023-04-07 14:56:26,793 SQL Thread-1 (SQL) ] ddl  Validating column PAYROLL_PERIOD (DATE)
[ 2023-04-07 14:56:26,793 SQL Thread-1 (SQL) ] ddl  Validating column CREATED_BY (NUMBER)
[ 2023-04-07 14:56:26,794 SQL Thread-1 (SQL) ] ddl  Validating column LAST_UPDATED_BY (NUMBER)
[ 2023-04-07 14:56:26,794 SQL Thread-1 (SQL) ] ddl  Validating column LAST_UPDATE_LOGIN (NUMBER)
[ 2023-04-07 14:56:26,795 SQL Thread-1 (SQL) ] ddl  Validating column CREATION_DATE (DATE)
[ 2023-04-07 14:56:26,796 SQL Thread-1 (SQL) ] ddl  Validating column LAST_UPDATE_DATE (DATE)
[ 2023-04-07 14:56:26,797 SQL Thread-1 (SQL) ] ddl  Validating column ATTRIBUTE_CATEGORY (VARCHAR2)
[ 2023-04-07 14:56:26,797 SQL Thread-1 (SQL) ] ddl  Validating column SEGMENT1 (NUMBER)
[ 2023-04-07 14:56:26,798 SQL Thread-1 (SQL) ] ddl  Validating column SEGMENT2 (NUMBER)
[ 2023-04-07 14:56:26,798 SQL Thread-1 (SQL) ] ddl  Validating column SEGMENT3 (NUMBER)
[ 2023-04-07 14:56:26,799 SQL Thread-1 (SQL) ] ddl  Validating column SEGMENT4 (NUMBER)
[ 2023-04-07 14:56:26,799 SQL Thread-1 (SQL) ] ddl  Validating column SEGMENT5 (NUMBER)
[ 2023-04-07 14:56:26,800 SQL Thread-1 (SQL) ] ddl  Validating column SEGMENT6 (NUMBER)
[ 2023-04-07 14:56:26,800 SQL Thread-1 (SQL) ] ddl  Validating column SEGMENT7 (NUMBER)
[ 2023-04-07 14:56:26,800 SQL Thread-1 (SQL) ] ddl  Validating column SEGMENT8 (NUMBER)
[ 2023-04-07 14:56:26,801 SQL Thread-1 (SQL) ] ddl  Validating column SEGMENT9 (NUMBER)
[ 2023-04-07 14:56:26,802 SQL Thread-1 (SQL) ] ddl  Validating column SEGMENT10 (NUMBER)
[ 2023-04-07 14:56:26,802 SQL Thread-1 (SQL) ] ddl  Validating column SEGMENT11 (NUMBER)
[ 2023-04-07 14:56:26,803 SQL Thread-1 (SQL) ] ddl  Validating column SEGMENT12 (NUMBER)
[ 2023-04-07 14:56:26,803 SQL Thread-1 (SQL) ] ddl  Validating column SEGMENT13 (NUMBER)
[ 2023-04-07 14:56:26,803 SQL Thread-1 (SQL) ] ddl  Validating column SEGMENT14 (NUMBER)
[ 2023-04-07 14:56:26,804 SQL Thread-1 (SQL) ] ddl  Validating column SEGMENT15 (NUMBER)
[ 2023-04-07 14:56:26,804 SQL Thread-1 (SQL) ] ddl  Validating column ATTRIBUTE1 (VARCHAR2)
[ 2023-04-07 14:56:26,805 SQL Thread-1 (SQL) ] ddl  Validating column ATTRIBUTE2 (VARCHAR2)
[ 2023-04-07 14:56:26,805 SQL Thread-1 (SQL) ] ddl  Validating column ATTRIBUTE3 (VARCHAR2)
[ 2023-04-07 14:56:26,806 SQL Thread-1 (SQL) ] ddl  Validating column ATTRIBUTE4 (VARCHAR2)
[ 2023-04-07 14:56:26,806 SQL Thread-1 (SQL) ] ddl  Validating column ATTRIBUTE5 (VARCHAR2)
[ 2023-04-07 14:56:26,806 SQL Thread-1 (SQL) ] ddl  Validating column ATTRIBUTE6 (VARCHAR2)
[ 2023-04-07 14:56:26,807 SQL Thread-1 (SQL) ] ddl  Validating column ATTRIBUTE7 (VARCHAR2)
[ 2023-04-07 14:56:26,807 SQL Thread-1 (SQL) ] ddl  Validating column ATTRIBUTE8 (VARCHAR2)
[ 2023-04-07 14:56:26,808 SQL Thread-1 (SQL) ] ddl  Validating column ATTRIBUTE9 (VARCHAR2)
[ 2023-04-07 14:56:26,808 SQL Thread-1 (SQL) ] ddl  Validating column ATTRIBUTE10 (VARCHAR2)
[ 2023-04-07 14:56:26,808 SQL Thread-1 (SQL) ] ddl  Validating column ATTRIBUTE11 (VARCHAR2)
[ 2023-04-07 14:56:26,809 SQL Thread-1 (SQL) ] ddl  Validating column ATTRIBUTE12 (VARCHAR2)
[ 2023-04-07 14:56:26,809 SQL Thread-1 (SQL) ] ddl  Validating column ATTRIBUTE13 (VARCHAR2)
[ 2023-04-07 14:56:26,810 SQL Thread-1 (SQL) ] ddl  Validating column ATTRIBUTE14 (VARCHAR2)
[ 2023-04-07 14:56:26,810 SQL Thread-1 (SQL) ] ddl  Validating column ATTRIBUTE15 (VARCHAR2)
